Arguments: 
  /usr/local/bin/node /usr/local/Cellar/yarn/1.13.0/libexec/bin/yarn.js start

PATH: 
  /usr/local/bin:/usr/bin:/bin:/usr/sbin:/sbin

Yarn version: 
  1.13.0

Node version: 
  10.15.0

Platform: 
  darwin x64

Trace: 
  Error: EACCES: permission denied, scandir '/Users/macbook/.config/yarn/link'

npm manifest: 
  {
    "name": "recipes",
    "version": "1.0.0",
    "main": "index.js",
    "author": "Abdo <abdosalah3105@gmail.com>",
    "license": "MIT",
    "scripts": {
      "start": "node ./index.js"
    }
  }

yarn manifest: 
  No manifest

Lockfile: 
  No lockfile
